This file contains any messages produced by compilers while
running configure, to aid debugging if configure makes a mistake.

It was created by mgiza configure 1.0, which was
generated by GNU Autoconf 2.69.  Invocation command line was

  $ ./configure 

## --------- ##
## Platform. ##
## --------- ##

hostname = fatboy
uname -m = x86_64
uname -r = 3.8.0-38-generic
uname -s = Linux
uname -v = #56~precise1-Ubuntu SMP Thu Mar 13 16:22:48 UTC 2014

/usr/bin/uname -p = unknown
/bin/uname -X     = unknown

/bin/arch              = unknown
/usr/bin/arch -k       = unknown
/usr/convex/getsysinfo = unknown
/usr/bin/hostinfo      = unknown
/bin/machine           = unknown
/usr/bin/oslevel       = unknown
/bin/universe          = unknown

PATH: /usr/local/sbin
PATH: /usr/local/bin
PATH: /usr/sbin
PATH: /usr/bin
PATH: /sbin
PATH: /bin
PATH: /usr/games


## ----------- ##
## Core tests. ##
## ----------- ##

configure:2298: checking for a BSD-compatible install
configure:2366: result: /usr/bin/install -c
configure:2377: checking whether build environment is sane
configure:2432: result: yes
configure:2470: WARNING: 'missing' script is too old or missing
configure:2583: checking for a thread-safe mkdir -p
configure:2622: result: /bin/mkdir -p
configure:2629: checking for gawk
configure:2659: result: no
configure:2629: checking for mawk
configure:2645: found /usr/bin/mawk
configure:2656: result: mawk
configure:2667: checking whether make sets $(MAKE)
configure:2689: result: yes
configure:2718: checking whether make supports nested variables
configure:2735: result: yes
configure:2823: checking whether to enable maintainer-specific portions of Makefiles
configure:2832: result: no
configure:2858: checking for style of include used by make
configure:2886: result: GNU
configure:2957: checking for gcc
configure:2973: found /usr/bin/gcc
configure:2984: result: gcc
configure:3213: checking for C compiler version
configure:3222: gcc --version >&5
gcc (Ubuntu/Linaro 4.6.3-1ubuntu5) 4.6.3
Copyright (C) 2011 Free Software Foundation, Inc.
This is free software; see the source for copying conditions.  There is NO
warranty; not even for MERCHANTABILITY or FITNESS FOR A PARTICULAR PURPOSE.

configure:3233: $? = 0
configure:3222: gcc -v >&5
Using built-in specs.
COLLECT_GCC=gcc
COLLECT_LTO_WRAPPER=/usr/lib/gcc/x86_64-linux-gnu/4.6/lto-wrapper
Target: x86_64-linux-gnu
Configured with: ../src/configure -v --with-pkgversion='Ubuntu/Linaro 4.6.3-1ubuntu5' --with-bugurl=file:///usr/share/doc/gcc-4.6/README.Bugs --enable-languages=c,c++,fortran,objc,obj-c++ --prefix=/usr --program-suffix=-4.6 --enable-shared --enable-linker-build-id --with-system-zlib --libexecdir=/usr/lib --without-included-gettext --enable-threads=posix --with-gxx-include-dir=/usr/include/c++/4.6 --libdir=/usr/lib --enable-nls --with-sysroot=/ --enable-clocale=gnu --enable-libstdcxx-debug --enable-libstdcxx-time=yes --enable-gnu-unique-object --enable-plugin --enable-objc-gc --disable-werror --with-arch-32=i686 --with-tune=generic --enable-checking=release --build=x86_64-linux-gnu --host=x86_64-linux-gnu --target=x86_64-linux-gnu
Thread model: posix
gcc version 4.6.3 (Ubuntu/Linaro 4.6.3-1ubuntu5) 
configure:3233: $? = 0
configure:3222: gcc -V >&5
gcc: error: unrecognized option '-V'
gcc: fatal error: no input files
compilation terminated.
configure:3233: $? = 4
configure:3222: gcc -qversion >&5
gcc: error: unrecognized option '-qversion'
gcc: fatal error: no input files
compilation terminated.
configure:3233: $? = 4
configure:3253: checking whether the C compiler works
configure:3275: gcc    conftest.c  >&5
configure:3279: $? = 0
configure:3327: result: yes
configure:3330: checking for C compiler default output file name
configure:3332: result: a.out
configure:3338: checking for suffix of executables
configure:3345: gcc -o conftest    conftest.c  >&5
configure:3349: $? = 0
configure:3371: result: 
configure:3393: checking whether we are cross compiling
configure:3401: gcc -o conftest    conftest.c  >&5
configure:3405: $? = 0
configure:3412: ./conftest
configure:3416: $? = 0
configure:3431: result: no
configure:3436: checking for suffix of object files
configure:3458: gcc -c   conftest.c >&5
configure:3462: $? = 0
configure:3483: result: o
configure:3487: checking whether we are using the GNU C compiler
configure:3506: gcc -c   conftest.c >&5
configure:3506: $? = 0
configure:3515: result: yes
configure:3524: checking whether gcc accepts -g
configure:3544: gcc -c -g  conftest.c >&5
configure:3544: $? = 0
configure:3585: result: yes
configure:3602: checking for gcc option to accept ISO C89
configure:3665: gcc  -c -g -O2  conftest.c >&5
configure:3665: $? = 0
configure:3678: result: none needed
configure:3700: checking dependency style of gcc
configure:3811: result: gcc3
configure:3827: checking for library containing strerror
configure:3858: gcc -o conftest -g -O2   conftest.c  >&5
configure:3858: $? = 0
configure:3875: result: none required
configure:3941: checking for g++
configure:3957: found /usr/bin/g++
configure:3968: result: g++
configure:3995: checking for C++ compiler version
configure:4004: g++ --version >&5
g++ (Ubuntu/Linaro 4.6.3-1ubuntu5) 4.6.3
Copyright (C) 2011 Free Software Foundation, Inc.
This is free software; see the source for copying conditions.  There is NO
warranty; not even for MERCHANTABILITY or FITNESS FOR A PARTICULAR PURPOSE.

configure:4015: $? = 0
configure:4004: g++ -v >&5
Using built-in specs.
COLLECT_GCC=g++
COLLECT_LTO_WRAPPER=/usr/lib/gcc/x86_64-linux-gnu/4.6/lto-wrapper
Target: x86_64-linux-gnu
Configured with: ../src/configure -v --with-pkgversion='Ubuntu/Linaro 4.6.3-1ubuntu5' --with-bugurl=file:///usr/share/doc/gcc-4.6/README.Bugs --enable-languages=c,c++,fortran,objc,obj-c++ --prefix=/usr --program-suffix=-4.6 --enable-shared --enable-linker-build-id --with-system-zlib --libexecdir=/usr/lib --without-included-gettext --enable-threads=posix --with-gxx-include-dir=/usr/include/c++/4.6 --libdir=/usr/lib --enable-nls --with-sysroot=/ --enable-clocale=gnu --enable-libstdcxx-debug --enable-libstdcxx-time=yes --enable-gnu-unique-object --enable-plugin --enable-objc-gc --disable-werror --with-arch-32=i686 --with-tune=generic --enable-checking=release --build=x86_64-linux-gnu --host=x86_64-linux-gnu --target=x86_64-linux-gnu
Thread model: posix
gcc version 4.6.3 (Ubuntu/Linaro 4.6.3-1ubuntu5) 
configure:4015: $? = 0
configure:4004: g++ -V >&5
g++: error: unrecognized option '-V'
g++: fatal error: no input files
compilation terminated.
configure:4015: $? = 4
configure:4004: g++ -qversion >&5
g++: error: unrecognized option '-qversion'
g++: fatal error: no input files
compilation terminated.
configure:4015: $? = 4
configure:4019: checking whether we are using the GNU C++ compiler
configure:4038: g++ -c   conftest.cpp >&5
configure:4038: $? = 0
configure:4047: result: yes
configure:4056: checking whether g++ accepts -g
configure:4076: g++ -c -g  conftest.cpp >&5
configure:4076: $? = 0
configure:4117: result: yes
configure:4142: checking dependency style of g++
configure:4253: result: gcc3
configure:4316: checking for gcc
configure:4343: result: gcc
configure:4572: checking for C compiler version
configure:4581: gcc --version >&5
gcc (Ubuntu/Linaro 4.6.3-1ubuntu5) 4.6.3
Copyright (C) 2011 Free Software Foundation, Inc.
This is free software; see the source for copying conditions.  There is NO
warranty; not even for MERCHANTABILITY or FITNESS FOR A PARTICULAR PURPOSE.

configure:4592: $? = 0
configure:4581: gcc -v >&5
Using built-in specs.
COLLECT_GCC=gcc
COLLECT_LTO_WRAPPER=/usr/lib/gcc/x86_64-linux-gnu/4.6/lto-wrapper
Target: x86_64-linux-gnu
Configured with: ../src/configure -v --with-pkgversion='Ubuntu/Linaro 4.6.3-1ubuntu5' --with-bugurl=file:///usr/share/doc/gcc-4.6/README.Bugs --enable-languages=c,c++,fortran,objc,obj-c++ --prefix=/usr --program-suffix=-4.6 --enable-shared --enable-linker-build-id --with-system-zlib --libexecdir=/usr/lib --without-included-gettext --enable-threads=posix --with-gxx-include-dir=/usr/include/c++/4.6 --libdir=/usr/lib --enable-nls --with-sysroot=/ --enable-clocale=gnu --enable-libstdcxx-debug --enable-libstdcxx-time=yes --enable-gnu-unique-object --enable-plugin --enable-objc-gc --disable-werror --with-arch-32=i686 --with-tune=generic --enable-checking=release --build=x86_64-linux-gnu --host=x86_64-linux-gnu --target=x86_64-linux-gnu
Thread model: posix
gcc version 4.6.3 (Ubuntu/Linaro 4.6.3-1ubuntu5) 
configure:4592: $? = 0
configure:4581: gcc -V >&5
gcc: error: unrecognized option '-V'
gcc: fatal error: no input files
compilation terminated.
configure:4592: $? = 4
configure:4581: gcc -qversion >&5
gcc: error: unrecognized option '-qversion'
gcc: fatal error: no input files
compilation terminated.
configure:4592: $? = 4
configure:4596: checking whether we are using the GNU C compiler
configure:4624: result: yes
configure:4633: checking whether gcc accepts -g
configure:4694: result: yes
configure:4711: checking for gcc option to accept ISO C89
configure:4787: result: none needed
configure:4809: checking dependency style of gcc
configure:4920: result: gcc3
configure:4942: checking how to run the C preprocessor
configure:4973: gcc -E  conftest.c
configure:4973: $? = 0
configure:4987: gcc -E  conftest.c
conftest.c:11:28: fatal error: ac_nonexistent.h: No such file or directory
compilation terminated.
configure:4987: $? = 1
configure: failed program was:
| /* confdefs.h */
| #define PACKAGE_NAME "mgiza"
| #define PACKAGE_TARNAME "mgiza"
| #define PACKAGE_VERSION "1.0"
| #define PACKAGE_STRING "mgiza 1.0"
| #define PACKAGE_BUGREPORT ""
| #define PACKAGE_URL ""
| #define PACKAGE "mgiza"
| #define VERSION "1.0"
| /* end confdefs.h.  */
| #include <ac_nonexistent.h>
configure:5012: result: gcc -E
configure:5032: gcc -E  conftest.c
configure:5032: $? = 0
configure:5046: gcc -E  conftest.c
conftest.c:11:28: fatal error: ac_nonexistent.h: No such file or directory
compilation terminated.
configure:5046: $? = 1
configure: failed program was:
| /* confdefs.h */
| #define PACKAGE_NAME "mgiza"
| #define PACKAGE_TARNAME "mgiza"
| #define PACKAGE_VERSION "1.0"
| #define PACKAGE_STRING "mgiza 1.0"
| #define PACKAGE_BUGREPORT ""
| #define PACKAGE_URL ""
| #define PACKAGE "mgiza"
| #define VERSION "1.0"
| /* end confdefs.h.  */
| #include <ac_nonexistent.h>
configure:5075: checking for grep that handles long lines and -e
configure:5133: result: /bin/grep
configure:5138: checking for egrep
configure:5200: result: /bin/grep -E
configure:5205: checking for ANSI C header files
configure:5225: gcc -c -g -O2  conftest.c >&5
configure:5225: $? = 0
configure:5298: gcc -o conftest -g -O2   conftest.c  >&5
configure:5298: $? = 0
configure:5298: ./conftest
configure:5298: $? = 0
configure:5309: result: yes
configure:5363: checking for ranlib
configure:5379: found /usr/bin/ranlib
configure:5390: result: ranlib
configure:5441: checking build system type
configure:5455: result: x86_64-unknown-linux-gnu
configure:5475: checking host system type
configure:5488: result: x86_64-unknown-linux-gnu
configure:5529: checking how to print strings
configure:5556: result: printf
configure:5577: checking for a sed that does not truncate output
configure:5641: result: /bin/sed
configure:5659: checking for fgrep
configure:5721: result: /bin/grep -F
configure:5756: checking for ld used by gcc
configure:5823: result: /usr/bin/ld
configure:5830: checking if the linker (/usr/bin/ld) is GNU ld
configure:5845: result: yes
configure:5857: checking for BSD- or MS-compatible name lister (nm)
configure:5906: result: /usr/bin/nm -B
configure:6036: checking the name lister (/usr/bin/nm -B) interface
configure:6043: gcc -c -g -O2  conftest.c >&5
configure:6046: /usr/bin/nm -B "conftest.o"
configure:6049: output
0000000000000000 B some_variable
configure:6056: result: BSD nm
configure:6059: checking whether ln -s works
configure:6063: result: yes
configure:6071: checking the maximum length of command line arguments
configure:6202: result: 1572864
configure:6219: checking whether the shell understands some XSI constructs
configure:6229: result: yes
configure:6233: checking whether the shell understands "+="
configure:6239: result: yes
configure:6274: checking how to convert x86_64-unknown-linux-gnu file names to x86_64-unknown-linux-gnu format
configure:6314: result: func_convert_file_noop
configure:6321: checking how to convert x86_64-unknown-linux-gnu file names to toolchain format
configure:6341: result: func_convert_file_noop
configure:6348: checking for /usr/bin/ld option to reload object files
configure:6355: result: -r
configure:6429: checking for objdump
configure:6445: found /usr/bin/objdump
configure:6456: result: objdump
configure:6488: checking how to recognize dependent libraries
configure:6686: result: pass_all
configure:6771: checking for dlltool
configure:6801: result: no
configure:6831: checking how to associate runtime and link libraries
configure:6858: result: printf %s\n
configure:6918: checking for ar
configure:6934: found /usr/bin/ar
configure:6945: result: ar
configure:6982: checking for archiver @FILE support
configure:6999: gcc -c -g -O2  conftest.c >&5
configure:6999: $? = 0
configure:7002: ar cru libconftest.a @conftest.lst >&5
configure:7005: $? = 0
configure:7010: ar cru libconftest.a @conftest.lst >&5
ar: conftest.o: No such file or directory
configure:7013: $? = 1
configure:7025: result: @
configure:7083: checking for strip
configure:7099: found /usr/bin/strip
configure:7110: result: strip
configure:7182: checking for ranlib
configure:7209: result: ranlib
configure:7311: checking command to parse /usr/bin/nm -B output from gcc object
configure:7431: gcc -c -g -O2  conftest.c >&5
configure:7434: $? = 0
configure:7438: /usr/bin/nm -B conftest.o \| sed -n -e 's/^.*[ ]\([ABCDGIRSTW][ABCDGIRSTW]*\)[ ][ ]*\([_A-Za-z][_A-Za-z0-9]*\)$/\1 \2 \2/p' | sed '/ __gnu_lto/d' \> conftest.nm
configure:7441: $? = 0
configure:7507: gcc -o conftest -g -O2   conftest.c conftstm.o >&5
configure:7510: $? = 0
configure:7548: result: ok
configure:7585: checking for sysroot
configure:7615: result: no
configure:7692: gcc -c -g -O2  conftest.c >&5
configure:7695: $? = 0
configure:7878: checking for mt
configure:7894: found /bin/mt
configure:7905: result: mt
configure:7928: checking if mt is a manifest tool
configure:7934: mt '-?'
configure:7942: result: no
configure:8584: checking for sys/types.h
configure:8584: gcc -c -g -O2  conftest.c >&5
configure:8584: $? = 0
configure:8584: result: yes
configure:8584: checking for sys/stat.h
configure:8584: gcc -c -g -O2  conftest.c >&5
configure:8584: $? = 0
configure:8584: result: yes
configure:8584: checking for stdlib.h
configure:8584: gcc -c -g -O2  conftest.c >&5
configure:8584: $? = 0
configure:8584: result: yes
configure:8584: checking for string.h
configure:8584: gcc -c -g -O2  conftest.c >&5
configure:8584: $? = 0
configure:8584: result: yes
configure:8584: checking for memory.h
configure:8584: gcc -c -g -O2  conftest.c >&5
configure:8584: $? = 0
configure:8584: result: yes
configure:8584: checking for strings.h
configure:8584: gcc -c -g -O2  conftest.c >&5
configure:8584: $? = 0
configure:8584: result: yes
configure:8584: checking for inttypes.h
configure:8584: gcc -c -g -O2  conftest.c >&5
configure:8584: $? = 0
configure:8584: result: yes
configure:8584: checking for stdint.h
configure:8584: gcc -c -g -O2  conftest.c >&5
configure:8584: $? = 0
configure:8584: result: yes
configure:8584: checking for unistd.h
configure:8584: gcc -c -g -O2  conftest.c >&5
configure:8584: $? = 0
configure:8584: result: yes
configure:8598: checking for dlfcn.h
configure:8598: gcc -c -g -O2  conftest.c >&5
configure:8598: $? = 0
configure:8598: result: yes
configure:8815: checking for objdir
configure:8830: result: .libs
configure:9097: checking if gcc supports -fno-rtti -fno-exceptions
configure:9115: gcc -c -g -O2  -fno-rtti -fno-exceptions conftest.c >&5
cc1: warning: command line option '-fno-rtti' is valid for C++/ObjC++ but not for C [enabled by default]
configure:9119: $? = 0
configure:9132: result: no
configure:9459: checking for gcc option to produce PIC
configure:9466: result: -fPIC -DPIC
configure:9474: checking if gcc PIC flag -fPIC -DPIC works
configure:9492: gcc -c -g -O2  -fPIC -DPIC -DPIC conftest.c >&5
configure:9496: $? = 0
configure:9509: result: yes
configure:9538: checking if gcc static flag -static works
configure:9566: result: yes
configure:9581: checking if gcc supports -c -o file.o
configure:9602: gcc -c -g -O2  -o out/conftest2.o conftest.c >&5
configure:9606: $? = 0
configure:9628: result: yes
configure:9636: checking if gcc supports -c -o file.o
configure:9683: result: yes
configure:9716: checking whether the gcc linker (/usr/bin/ld -m elf_x86_64) supports shared libraries
configure:10873: result: yes
configure:10910: checking whether -lc should be explicitly linked in
configure:10918: gcc -c -g -O2  conftest.c >&5
configure:10921: $? = 0
configure:10936: gcc -shared  -fPIC -DPIC conftest.o  -v -Wl,-soname -Wl,conftest -o conftest 2\>\&1 \| /bin/grep  -lc  \>/dev/null 2\>\&1
configure:10939: $? = 0
configure:10953: result: no
configure:11113: checking dynamic linker characteristics
configure:11613: gcc -o conftest -g -O2   -Wl,-rpath -Wl,/foo conftest.c  >&5
configure:11613: $? = 0
configure:11847: result: GNU/Linux ld.so
configure:11954: checking how to hardcode library paths into programs
configure:11979: result: immediate
configure:12519: checking whether stripping libraries is possible
configure:12524: result: yes
configure:12559: checking if libtool supports shared libraries
configure:12561: result: yes
configure:12564: checking whether to build shared libraries
configure:12585: result: yes
configure:12588: checking whether to build static libraries
configure:12592: result: yes
configure:12615: checking how to run the C++ preprocessor
configure:12642: g++ -E  conftest.cpp
configure:12642: $? = 0
configure:12656: g++ -E  conftest.cpp
conftest.cpp:23:28: fatal error: ac_nonexistent.h: No such file or directory
compilation terminated.
configure:12656: $? = 1
configure: failed program was:
| /* confdefs.h */
| #define PACKAGE_NAME "mgiza"
| #define PACKAGE_TARNAME "mgiza"
| #define PACKAGE_VERSION "1.0"
| #define PACKAGE_STRING "mgiza 1.0"
| #define PACKAGE_BUGREPORT ""
| #define PACKAGE_URL ""
| #define PACKAGE "mgiza"
| #define VERSION "1.0"
| #define STDC_HEADERS 1
| #define HAVE_SYS_TYPES_H 1
| #define HAVE_SYS_STAT_H 1
| #define HAVE_STDLIB_H 1
| #define HAVE_STRING_H 1
| #define HAVE_MEMORY_H 1
| #define HAVE_STRINGS_H 1
| #define HAVE_INTTYPES_H 1
| #define HAVE_STDINT_H 1
| #define HAVE_UNISTD_H 1
| #define HAVE_DLFCN_H 1
| #define LT_OBJDIR ".libs/"
| /* end confdefs.h.  */
| #include <ac_nonexistent.h>
configure:12681: result: g++ -E
configure:12701: g++ -E  conftest.cpp
configure:12701: $? = 0
configure:12715: g++ -E  conftest.cpp
conftest.cpp:23:28: fatal error: ac_nonexistent.h: No such file or directory
compilation terminated.
configure:12715: $? = 1
configure: failed program was:
| /* confdefs.h */
| #define PACKAGE_NAME "mgiza"
| #define PACKAGE_TARNAME "mgiza"
| #define PACKAGE_VERSION "1.0"
| #define PACKAGE_STRING "mgiza 1.0"
| #define PACKAGE_BUGREPORT ""
| #define PACKAGE_URL ""
| #define PACKAGE "mgiza"
| #define VERSION "1.0"
| #define STDC_HEADERS 1
| #define HAVE_SYS_TYPES_H 1
| #define HAVE_SYS_STAT_H 1
| #define HAVE_STDLIB_H 1
| #define HAVE_STRING_H 1
| #define HAVE_MEMORY_H 1
| #define HAVE_STRINGS_H 1
| #define HAVE_INTTYPES_H 1
| #define HAVE_STDINT_H 1
| #define HAVE_UNISTD_H 1
| #define HAVE_DLFCN_H 1
| #define LT_OBJDIR ".libs/"
| /* end confdefs.h.  */
| #include <ac_nonexistent.h>
configure:12884: checking for ld used by g++
configure:12951: result: /usr/bin/ld -m elf_x86_64
configure:12958: checking if the linker (/usr/bin/ld -m elf_x86_64) is GNU ld
configure:12973: result: yes
configure:13028: checking whether the g++ linker (/usr/bin/ld -m elf_x86_64) supports shared libraries
configure:14030: result: yes
configure:14066: g++ -c -g -O2  conftest.cpp >&5
configure:14069: $? = 0
configure:14589: checking for g++ option to produce PIC
configure:14596: result: -fPIC -DPIC
configure:14604: checking if g++ PIC flag -fPIC -DPIC works
configure:14622: g++ -c -g -O2  -fPIC -DPIC -DPIC conftest.cpp >&5
configure:14626: $? = 0
configure:14639: result: yes
configure:14662: checking if g++ static flag -static works
configure:14690: result: yes
configure:14702: checking if g++ supports -c -o file.o
configure:14723: g++ -c -g -O2  -o out/conftest2.o conftest.cpp >&5
configure:14727: $? = 0
configure:14749: result: yes
configure:14754: checking if g++ supports -c -o file.o
configure:14801: result: yes
configure:14831: checking whether the g++ linker (/usr/bin/ld -m elf_x86_64) supports shared libraries
configure:14870: result: yes
configure:15011: checking dynamic linker characteristics
configure:15679: result: GNU/Linux ld.so
configure:15732: checking how to hardcode library paths into programs
configure:15757: result: immediate
configure:15933: checking that generated files are newer than configure
configure:15939: result: done
configure:15974: creating ./config.status

## ---------------------- ##
## Running config.status. ##
## ---------------------- ##

This file was extended by mgiza config.status 1.0, which was
generated by GNU Autoconf 2.69.  Invocation command line was

  CONFIG_FILES    = 
  CONFIG_HEADERS  = 
  CONFIG_LINKS    = 
  CONFIG_COMMANDS = 
  $ ./config.status 

on fatboy

config.status:1148: creating Makefile
config.status:1148: creating src/Makefile
config.status:1148: creating src/mkcls/Makefile
config.status:1148: creating config.h
config.status:1329: config.h is unchanged
config.status:1377: executing depfiles commands
config.status:1377: executing libtool commands

## ---------------- ##
## Cache variables. ##
## ---------------- ##

ac_cv_build=x86_64-unknown-linux-gnu
ac_cv_c_compiler_gnu=yes
ac_cv_cxx_compiler_gnu=yes
ac_cv_env_CCC_set=
ac_cv_env_CCC_value=
ac_cv_env_CC_set=
ac_cv_env_CC_value=
ac_cv_env_CFLAGS_set=
ac_cv_env_CFLAGS_value=
ac_cv_env_CPPFLAGS_set=
ac_cv_env_CPPFLAGS_value=
ac_cv_env_CPP_set=
ac_cv_env_CPP_value=
ac_cv_env_CXXCPP_set=
ac_cv_env_CXXCPP_value=
ac_cv_env_CXXFLAGS_set=
ac_cv_env_CXXFLAGS_value=
ac_cv_env_CXX_set=
ac_cv_env_CXX_value=
ac_cv_env_LDFLAGS_set=
ac_cv_env_LDFLAGS_value=
ac_cv_env_LIBS_set=
ac_cv_env_LIBS_value=
ac_cv_env_build_alias_set=
ac_cv_env_build_alias_value=
ac_cv_env_host_alias_set=
ac_cv_env_host_alias_value=
ac_cv_env_target_alias_set=
ac_cv_env_target_alias_value=
ac_cv_header_dlfcn_h=yes
ac_cv_header_inttypes_h=yes
ac_cv_header_memory_h=yes
ac_cv_header_stdc=yes
ac_cv_header_stdint_h=yes
ac_cv_header_stdlib_h=yes
ac_cv_header_string_h=yes
ac_cv_header_strings_h=yes
ac_cv_header_sys_stat_h=yes
ac_cv_header_sys_types_h=yes
ac_cv_header_unistd_h=yes
ac_cv_host=x86_64-unknown-linux-gnu
ac_cv_objext=o
ac_cv_path_EGREP='/bin/grep -E'
ac_cv_path_FGREP='/bin/grep -F'
ac_cv_path_GREP=/bin/grep
ac_cv_path_SED=/bin/sed
ac_cv_path_install='/usr/bin/install -c'
ac_cv_path_mkdir=/bin/mkdir
ac_cv_prog_AWK=mawk
ac_cv_prog_CPP='gcc -E'
ac_cv_prog_CXXCPP='g++ -E'
ac_cv_prog_ac_ct_AR=ar
ac_cv_prog_ac_ct_CC=gcc
ac_cv_prog_ac_ct_CXX=g++
ac_cv_prog_ac_ct_MANIFEST_TOOL=mt
ac_cv_prog_ac_ct_OBJDUMP=objdump
ac_cv_prog_ac_ct_RANLIB=ranlib
ac_cv_prog_ac_ct_STRIP=strip
ac_cv_prog_cc_c89=
ac_cv_prog_cc_g=yes
ac_cv_prog_cxx_g=yes
ac_cv_prog_make_make_set=yes
ac_cv_search_strerror='none required'
am_cv_CC_dependencies_compiler_type=gcc3
am_cv_CXX_dependencies_compiler_type=gcc3
am_cv_make_support_nested_variables=yes
am_cv_prog_cc_stdc=
lt_cv_ar_at_file=@
lt_cv_archive_cmds_need_lc=no
lt_cv_deplibs_check_method=pass_all
lt_cv_file_magic_cmd='$MAGIC_CMD'
lt_cv_file_magic_test_file=
lt_cv_ld_reload_flag=-r
lt_cv_nm_interface='BSD nm'
lt_cv_objdir=.libs
lt_cv_path_LD=/usr/bin/ld
lt_cv_path_LDCXX='/usr/bin/ld -m elf_x86_64'
lt_cv_path_NM='/usr/bin/nm -B'
lt_cv_path_mainfest_tool=no
lt_cv_prog_compiler_c_o=yes
lt_cv_prog_compiler_c_o_CXX=yes
lt_cv_prog_compiler_pic='-fPIC -DPIC'
lt_cv_prog_compiler_pic_CXX='-fPIC -DPIC'
lt_cv_prog_compiler_pic_works=yes
lt_cv_prog_compiler_pic_works_CXX=yes
lt_cv_prog_compiler_rtti_exceptions=no
lt_cv_prog_compiler_static_works=yes
lt_cv_prog_compiler_static_works_CXX=yes
lt_cv_prog_gnu_ld=yes
lt_cv_prog_gnu_ldcxx=yes
lt_cv_sharedlib_from_linklib_cmd='printf %s\n'
lt_cv_shlibpath_overrides_runpath=no
lt_cv_sys_global_symbol_pipe='sed -n -e '\''s/^.*[	 ]\([ABCDGIRSTW][ABCDGIRSTW]*\)[	 ][	 ]*\([_A-Za-z][_A-Za-z0-9]*\)$/\1 \2 \2/p'\'' | sed '\''/ __gnu_lto/d'\'''
lt_cv_sys_global_symbol_to_c_name_address='sed -n -e '\''s/^: \([^ ]*\)[ ]*$/  {\"\1\", (void *) 0},/p'\'' -e '\''s/^[ABCDGIRSTW]* \([^ ]*\) \([^ ]*\)$/  {"\2", (void *) \&\2},/p'\'''
lt_cv_sys_global_symbol_to_c_name_address_lib_prefix='sed -n -e '\''s/^: \([^ ]*\)[ ]*$/  {\"\1\", (void *) 0},/p'\'' -e '\''s/^[ABCDGIRSTW]* \([^ ]*\) \(lib[^ ]*\)$/  {"\2", (void *) \&\2},/p'\'' -e '\''s/^[ABCDGIRSTW]* \([^ ]*\) \([^ ]*\)$/  {"lib\2", (void *) \&\2},/p'\'''
lt_cv_sys_global_symbol_to_cdecl='sed -n -e '\''s/^T .* \(.*\)$/extern int \1();/p'\'' -e '\''s/^[ABCDGIRSTW]* .* \(.*\)$/extern char \1;/p'\'''
lt_cv_sys_max_cmd_len=1572864
lt_cv_to_host_file_cmd=func_convert_file_noop
lt_cv_to_tool_file_cmd=func_convert_file_noop

## ----------------- ##
## Output variables. ##
## ----------------- ##

ACLOCAL='aclocal-1.13'
AMDEPBACKSLASH='\'
AMDEP_FALSE='#'
AMDEP_TRUE=''
AMTAR='$${TAR-tar}'
AM_BACKSLASH='\'
AM_DEFAULT_V='$(AM_DEFAULT_VERBOSITY)'
AM_DEFAULT_VERBOSITY='1'
AM_V='$(V)'
AR='ar'
AUTOCONF='autoconf'
AUTOHEADER='autoheader'
AUTOMAKE='automake-1.13'
AWK='mawk'
CC='gcc'
CCDEPMODE='depmode=gcc3'
CFLAGS='-g -O2'
CPP='gcc -E'
CPPFLAGS=''
CXX='g++'
CXXCPP='g++ -E'
CXXDEPMODE='depmode=gcc3'
CXXFLAGS='-g -O2'
CYGPATH_W='echo'
DEFS='-DHAVE_CONFIG_H'
DEPDIR='.deps'
DLLTOOL='false'
DSYMUTIL=''
DUMPBIN=''
ECHO_C=''
ECHO_N='-n'
ECHO_T=''
EGREP='/bin/grep -E'
EXEEXT=''
FGREP='/bin/grep -F'
GREP='/bin/grep'
INSTALL_DATA='${INSTALL} -m 644'
INSTALL_PROGRAM='${INSTALL}'
INSTALL_SCRIPT='${INSTALL}'
INSTALL_STRIP_PROGRAM='$(install_sh) -c -s'
LD='/usr/bin/ld -m elf_x86_64'
LDFLAGS=''
LIBOBJS=''
LIBS=''
LIBTOOL='$(SHELL) $(top_builddir)/libtool'
LIPO=''
LN_S='ln -s'
LTLIBOBJS=''
MAINT='#'
MAINTAINER_MODE_FALSE=''
MAINTAINER_MODE_TRUE='#'
MAKEINFO='makeinfo'
MANIFEST_TOOL=':'
MKDIR_P='/bin/mkdir -p'
NM='/usr/bin/nm -B'
NMEDIT=''
OBJDUMP='objdump'
OBJEXT='o'
OTOOL64=''
OTOOL=''
PACKAGE='mgiza'
PACKAGE_BUGREPORT=''
PACKAGE_NAME='mgiza'
PACKAGE_STRING='mgiza 1.0'
PACKAGE_TARNAME='mgiza'
PACKAGE_URL=''
PACKAGE_VERSION='1.0'
PATH_SEPARATOR=':'
RANLIB='ranlib'
SED='/bin/sed'
SET_MAKE=''
SHELL='/bin/bash'
STRIP='strip'
VERSION='1.0'
ac_ct_AR='ar'
ac_ct_CC='gcc'
ac_ct_CXX='g++'
ac_ct_DUMPBIN=''
am__EXEEXT_FALSE=''
am__EXEEXT_TRUE='#'
am__fastdepCC_FALSE='#'
am__fastdepCC_TRUE=''
am__fastdepCXX_FALSE='#'
am__fastdepCXX_TRUE=''
am__include='include'
am__isrc=''
am__leading_dot='.'
am__nodep='_no'
am__quote=''
am__tar='$${TAR-tar} chof - "$$tardir"'
am__untar='$${TAR-tar} xf -'
bindir='${exec_prefix}/bin'
build='x86_64-unknown-linux-gnu'
build_alias=''
build_cpu='x86_64'
build_os='linux-gnu'
build_vendor='unknown'
datadir='${datarootdir}'
datarootdir='${prefix}/share'
docdir='${datarootdir}/doc/${PACKAGE_TARNAME}'
dvidir='${docdir}'
exec_prefix='${prefix}'
host='x86_64-unknown-linux-gnu'
host_alias=''
host_cpu='x86_64'
host_os='linux-gnu'
host_vendor='unknown'
htmldir='${docdir}'
includedir='${prefix}/include'
infodir='${datarootdir}/info'
install_sh='${SHELL} /data/smt/symgiza-pp/install-sh'
libdir='${exec_prefix}/lib'
libexecdir='${exec_prefix}/libexec'
localedir='${datarootdir}/locale'
localstatedir='${prefix}/var'
mandir='${datarootdir}/man'
mkdir_p='$(MKDIR_P)'
oldincludedir='/usr/include'
pdfdir='${docdir}'
prefix='/usr/local'
program_transform_name='s,x,x,'
psdir='${docdir}'
sbindir='${exec_prefix}/sbin'
sharedstatedir='${prefix}/com'
sysconfdir='${prefix}/etc'
target_alias=''

## ----------- ##
## confdefs.h. ##
## ----------- ##

/* confdefs.h */
#define PACKAGE_NAME "mgiza"
#define PACKAGE_TARNAME "mgiza"
#define PACKAGE_VERSION "1.0"
#define PACKAGE_STRING "mgiza 1.0"
#define PACKAGE_BUGREPORT ""
#define PACKAGE_URL ""
#define PACKAGE "mgiza"
#define VERSION "1.0"
#define STDC_HEADERS 1
#define HAVE_SYS_TYPES_H 1
#define HAVE_SYS_STAT_H 1
#define HAVE_STDLIB_H 1
#define HAVE_STRING_H 1
#define HAVE_MEMORY_H 1
#define HAVE_STRINGS_H 1
#define HAVE_INTTYPES_H 1
#define HAVE_STDINT_H 1
#define HAVE_UNISTD_H 1
#define HAVE_DLFCN_H 1
#define LT_OBJDIR ".libs/"

configure: exit 0
